Hello! Let's create the rule for the clinical scenario EX-C3-9 ðŸ˜Š
I will need some information about the rule and the API
âš™ï¸ First: are you updating an existing rule? If so, insert the guid, if not, leave empty: cc94d210-0e5b-4e85-8019-899879e01697
ðŸ‘¤ What is the patient profile associated to this configuration? (e.g 'Regular', 'COPD', 'Post-operative'..) NICU patient with ARDS
    ðŸ©º SpO2 Riemann integral threshold for this profile (e.g. 95): 95
    ðŸ©º How many seconds should the integral be calculated over? (e.g. 60): 60
    ðŸ©º What threshold of the integral should trigger the multiple spO2 dips advisory? (e.g. 20): 20
    ðŸ©º What is the priority of the Advisory of multiple spO2 dips? (e.g. 2): 2
âœ’ï¸ What name do you want to give to the rule? (Keep in mind that the name will start with EX-C3-9 - NICU patient with ARDS ):EX-C3-9 - NICU patient with ARDS - detection dangerous dips
ðŸ›Œ Beds on which the rule has to run (if more than one, divide the numbers with a comma): ['10']
â“ Do you want the rule to stop if one of the expressions raise an error? (Type Y or N): True
ðŸŒ Enter the domain of the API (Press Enter for https://digistat.sasicu.ascom-demo.local): https://digistat.sasicu.ascom-demo.local
To begin we need the IDs of the parameter to store the following calculated parameter:
 SpO2 Riemann Integral of the last 60 seconds
Have you already created them? (y/n)âš™ï¸ Parameter ID of SpO2 Riemann integral over 60 seconds: 80054

Thank you! I have everything that I need now ðŸ˜Š. 
I will keep you updated about the steps that I am doing

STEP 1 : Creation of expressions
    These are the expressions that I will use: 

    Calculation Riemann Integral SpO2: Integral(7501,60,95,True,2) / 3
    Advisory: Advisory(( #80054 > 20),'EX-C3-9-multiplespo2dips',2,'Multiple SpO2 dips in the last 60 seconds detected')
STEP 2 : Creation of the formulas
    These are the formulas that we will use

    {'Expression': 'Integral(7501,60,95,True,2) / 3', 'OutputParamId': '80054', 'OutputUnitId': 8, 'ValidityQuantThreashold': 0, 'ValiditySpreadThreashold': 0, 'DecimalPosition': 2}

    {'Expression': "Advisory(( #80054 > 20),'EX-C3-9-multiplespo2dips',2,'Multiple SpO2 dips in the last 60 seconds detected')", 'OutputParamId': 0, 'OutputUnitId': 8, 'ValidityQuantThreashold': 0, 'ValiditySpreadThreashold': 0, 'DecimalPosition': 2}

STEP 3 : Creation of the rule
    This is the rule that we will use
    {'Description': 'EX-C3-9 - NICU patient with ARDS - detection dangerous dips', 'Locations': ['10'], 'StopAtFirstException': True, 'Formulas': [{'Expression': 'Integral(7501,60,95,True,2) / 3', 'OutputParamId': '80054', 'OutputUnitId': 8, 'ValidityQuantThreashold': 0, 'ValiditySpreadThreashold': 0, 'DecimalPosition': 2}, {'Expression': "Advisory(( #80054 > 20),'EX-C3-9-multiplespo2dips',2,'Multiple SpO2 dips in the last 60 seconds detected')", 'OutputParamId': 0, 'OutputUnitId': 8, 'ValidityQuantThreashold': 0, 'ValiditySpreadThreashold': 0, 'DecimalPosition': 2}]}

STEP 4 : Let's upload that! 
